2024-03-04 20:24:07,225 - jetline.logging - INFO - Found: YourDataClass, Description: None
2024-03-04 20:24:09,539 - jetline.logging - INFO - Pipeline 'example_pipeline' executed successfully.
2024-03-04 20:24:09,540 - jetline.logging - INFO - All Pipelines ran successfully.
2024-03-04 20:28:26,411 - jetline.logging - INFO - Found: YourDataClass, Description: None - data.py:58
2024-03-04 20:28:33,881 - jetline.logging - INFO - Pipeline 'example_pipeline' executed successfully. - pipeline.py:123
2024-03-04 20:28:33,881 - jetline.logging - INFO - All Pipelines ran successfully. - pipeline.py:125
2024-03-04 20:28:46,688 - jetline.logging - INFO - Found: YourDataClass, Description: None - data.py:58
2024-03-04 20:28:49,207 - jetline.logging - INFO - Pipeline 'example_pipeline' executed successfully. - pipeline.py:123
2024-03-04 20:28:49,217 - jetline.logging - INFO - All Pipelines ran successfully. - pipeline.py:125
2024-03-04 20:31:46,504 - jetline.logging - INFO - Found: YourDataClass, Description: None - data.py:58
2024-03-04 20:31:49,506 - jetline.logging - INFO - Pipeline 'example_pipeline' executed successfully. - pipeline.py:123
2024-03-04 20:31:49,507 - jetline.logging - INFO - All Pipelines ran successfully. - pipeline.py:125
2024-0[37m[1m3[0m-04 20:33:28 - jetline.logging - INFO - Found: YourDataClass, Description: None - [37m[1mdata.py[0m:58
2024-0[37m[1m3[0m-04 20:33:32 - jetline.logging - INFO - Pipeline 'example_pipeline' executed successfully. - [37m[1mpipeline.py[0m:123
2024-0[37m[1m3[0m-04 20:33:32 - jetline.logging - INFO - All Pipelines ran successfully. - [37m[1mpipeline.py[0m:125
[32m2024-03-04 20:34:19[0m - [37mjetline.logging[0m - [1;30mINFO[0m - Found: YourDataClass, Description: None - [37mdata.py[0m:58
[32m2024-03-04 20:34:21[0m - [37mjetline.logging[0m - [1;30mINFO[0m - Pipeline 'example_pipeline' executed successfully. - [37mpipeline.py[0m:123
[32m2024-03-04 20:34:21[0m - [37mjetline.logging[0m - [1;30mINFO[0m - All Pipelines ran successfully. - [37mpipeline.py[0m:125
[32m2024-03-04 20:34:57[0m - [37mjetline.logging[0m - [1;30mINFO[0m - [34mFound: YourDataClass, Description: None[0m - [37mdata.py[0m:58
[32m2024-03-04 20:34:59[0m - [37mjetline.logging[0m - [1;30mINFO[0m - [34mPipeline 'example_pipeline' executed successfully.[0m - [37mpipeline.py[0m:123
[32m2024-03-04 20:34:59[0m - [37mjetline.logging[0m - [1;30mINFO[0m - [34mAll Pipelines ran successfully.[0m - [37mpipeline.py[0m:125
[32m2024-03-04 20:37:49[0m - [37mjetline.logging[0m - [1;30mINFO[0m - Found: YourDataClass, Description: None - [37mdata.py[0m:58
[32m2024-03-04 20:37:51[0m - [37mjetline.logging[0m - [1;30mINFO[0m - Pipeline 'example_pipeline' executed successfully. - [37mpipeline.py[0m:123
[32m2024-03-04 20:37:51[0m - [37mjetline.logging[0m - [1;30mINFO[0m - All Pipelines ran successfully. - [37mpipeline.py[0m:125
[32m2024-03-04 20:38:21[0m - [37mjetline.logging[0m - [1;30mINFO[0m - [34mFound: YourDataClass, Description: None[0m - [37mdata.py[0m:58
[32m2024-03-04 20:38:23[0m - [37mjetline.logging[0m - [1;30mINFO[0m - [34mPipeline 'example_pipeline' executed successfully.[0m - [37mpipeline.py[0m:123
[32m2024-03-04 20:38:23[0m - [37mjetline.logging[0m - [1;30mINFO[0m - [34mAll Pipelines ran successfully.[0m - [37mpipeline.py[0m:125
[32m2024-03-04 20:38:44[0m - [37mjetline.logging[0m - [1;30mINFO[0m - [34mFound: YourDataClass, Description: None[0m - [37mdata.py[0m:58
[32m2024-03-04 20:38:46[0m - [37mjetline.logging[0m - [1;30mINFO[0m - [34mPipeline 'example_pipeline' executed successfully.[0m - [37mpipeline.py[0m:123
[32m2024-03-04 20:38:46[0m - [37mjetline.logging[0m - [1;30mINFO[0m - [34mAll Pipelines ran successfully.[0m - [37mpipeline.py[0m:125
[32m2024-03-04 20:40:29[0m - [34m[37mjetline.logging[0m[0m - [1;30mINFO[0m - [34mFound: YourDataClass, Description: None[0m - [37m[37mdata.py[0m:58[0m
[32m2024-03-04 20:40:32[0m - [34m[37mjetline.logging[0m[0m - [1;30mINFO[0m - [34mPipeline 'example_pipeline' executed successfully.[0m - [37m[37mpipeline.py[0m:123[0m
[32m2024-03-04 20:40:32[0m - [34m[37mjetline.logging[0m[0m - [1;30mINFO[0m - [34mAll Pipelines ran successfully.[0m - [37m[37mpipeline.py[0m:125[0m
[32m2024-03-04 20:40:55[0m - [34m[37mjetline.logging[0m[0m - [1;30mINFO[0m - [34mFound: YourDataClass, Description: None[0m - [37m[37mdata.py[0m:58[0m
[32m2024-03-04 20:40:57[0m - [34m[37mjetline.logging[0m[0m - [1;30mINFO[0m - [34mPipeline 'example_pipeline' executed successfully.[0m - [37m[37mpipeline.py[0m:123[0m
[32m2024-03-04 20:40:57[0m - [34m[37mjetline.logging[0m[0m - [1;30mINFO[0m - [34mAll Pipelines ran successfully.[0m - [37m[37mpipeline.py[0m:125[0m
[32m2024-03-04 20:41:14[0m - [34m[37mjetline.logging[0m[0m - [1;30mINFO[0m - [34mFound: YourDataClass, Description: None[0m - [37mdata.py[0m:58
[32m2024-03-04 20:41:17[0m - [34m[37mjetline.logging[0m[0m - [1;30mINFO[0m - [34mPipeline 'example_pipeline' executed successfully.[0m - [37mpipeline.py[0m:123
[32m2024-03-04 20:41:17[0m - [34m[37mjetline.logging[0m[0m - [1;30mINFO[0m - [34mAll Pipelines ran successfully.[0m - [37mpipeline.py[0m:125
[32m2024-03-04 20:42:07[0m - [37mjetline.logging[0m - [1;30mINFO[0m - [34mFound: YourDataClass, Description: None[0m - [37mdata.py[0m:[90m58[0m
[32m2024-03-04 20:42:09[0m - [37mjetline.logging[0m - [1;30mINFO[0m - [34mPipeline 'example_pipeline' executed successfully.[0m - [37mpipeline.py[0m:[90m123[0m
[32m2024-03-04 20:42:09[0m - [37mjetline.logging[0m - [1;30mINFO[0m - [34mAll Pipelines ran successfully.[0m - [37mpipeline.py[0m:[90m125[0m
[32m2024[90m-[0m03[90m-[0m04 20[90m:[0m43[90m:[0m08[0m [90m-[0m [37mjetline.logging[0m [90m-[0m [1;30mINFO[0m [90m-[0m [34mFound[90m:[0m YourDataClass, Description[90m:[0m None[0m [90m-[0m[90m [37mdata.py[0m[90m:[0m58[0m
[32m2024[90m-[0m03[90m-[0m04 20[90m:[0m43[90m:[0m10[0m [90m-[0m [37mjetline.logging[0m [90m-[0m [1;30mINFO[0m [90m-[0m [34mPipeline 'example_pipeline' executed successfully.[0m [90m-[0m[90m [37mpipeline.py[0m[90m:[0m123[0m
[32m2024[90m-[0m03[90m-[0m04 20[90m:[0m43[90m:[0m10[0m [90m-[0m [37mjetline.logging[0m [90m-[0m [1;30mINFO[0m [90m-[0m [34mAll Pipelines ran successfully.[0m [90m-[0m[90m [37mpipeline.py[0m[90m:[0m125[0m
[32m2024-03-04 20:43:22[0m - [37mjetline.logging[0m - [1;30mINFO[0m - [34mFound: YourDataClass, Description: None[0m - [37mdata.py[0m:[90m58[0m
[32m2024-03-04 20:43:24[0m - [37mjetline.logging[0m - [1;30mINFO[0m - [34mPipeline 'example_pipeline' executed successfully.[0m - [37mpipeline.py[0m:[90m123[0m
[32m2024-03-04 20:43:24[0m - [37mjetline.logging[0m - [1;30mINFO[0m - [34mAll Pipelines ran successfully.[0m - [37mpipeline.py[0m:[90m125[0m
[32m2024[90m-[0m03[90m-[0m04 20[90m:[0m44[90m:[0m03[0m [90m-[0m [37mjetline.logging[0m [90m-[0m [1;30mINFO[0m [90m-[0m [34mFound[90m:[0m YourDataClass, Description[90m:[0m None[0m [90m-[0m [37mdata.py[0m[90m:[0m[90m58[0m
[32m2024[90m-[0m03[90m-[0m04 20[90m:[0m44[90m:[0m06[0m [90m-[0m [37mjetline.logging[0m [90m-[0m [1;30mINFO[0m [90m-[0m [34mPipeline 'example_pipeline' executed successfully.[0m [90m-[0m [37mpipeline.py[0m[90m:[0m[90m123[0m
[32m2024[90m-[0m03[90m-[0m04 20[90m:[0m44[90m:[0m06[0m [90m-[0m [37mjetline.logging[0m [90m-[0m [1;30mINFO[0m [90m-[0m [34mAll Pipelines ran successfully.[0m [90m-[0m [37mpipeline.py[0m[90m:[0m[90m125[0m
[32m2024[90m-[0m03[90m-[0m04 20[90m:[0m44[90m:[0m25[0m [90m-[0m [37mjetline.logging[0m [90m-[0m [1;30mINFO[0m [90m-[0m [34mFound[90m:[0m YourDataClass, Description[90m:[0m None[0m [90m-[0m [37mdata.py[0m[90m:[0m[90m58[0m
[32m2024[90m-[0m03[90m-[0m04 20[90m:[0m44[90m:[0m28[0m [90m-[0m [37mjetline.logging[0m [90m-[0m [1;30mINFO[0m [90m-[0m [34mPipeline 'example_pipeline' executed successfully.[0m [90m-[0m [37mpipeline.py[0m[90m:[0m[90m123[0m
[32m2024[90m-[0m03[90m-[0m04 20[90m:[0m44[90m:[0m28[0m [90m-[0m [37mjetline.logging[0m [90m-[0m [1;30mINFO[0m [90m-[0m [34mAll Pipelines ran successfully.[0m [90m-[0m [37mpipeline.py[0m[90m:[0m[90m125[0m
[32m2024[90m-[0m03[90m-[0m04 20[90m:[0m45[90m:[0m18[0m [90m-[0m [37mjetline.logging[0m [90m-[0m [1;30mDEBUG[0m [90m-[0m [32mFound[90m:[0m YourDataClass, Description[90m:[0m None[0m [90m-[0m [37mdata.py[0m[90m:[0m[90m58[0m
[32m2024[90m-[0m03[90m-[0m04 20[90m:[0m45[90m:[0m20[0m [90m-[0m [37mjetline.logging[0m [90m-[0m [1;30mINFO[0m [90m-[0m [34mPipeline 'example_pipeline' executed successfully.[0m [90m-[0m [37mpipeline.py[0m[90m:[0m[90m123[0m
[32m2024[90m-[0m03[90m-[0m04 20[90m:[0m45[90m:[0m20[0m [90m-[0m [37mjetline.logging[0m [90m-[0m [1;30mINFO[0m [90m-[0m [34mAll Pipelines ran successfully.[0m [90m-[0m [37mpipeline.py[0m[90m:[0m[90m125[0m
[32m2024[90m-[0m03[90m-[0m04 20[90m:[0m45[90m:[0m52[0m [90m-[0m [37mjetline.logging[0m [90m-[0m [1;30mINFO[0m [90m-[0m [34mFound[90m:[0m YourDataClass, Description[90m:[0m None[0m [90m-[0m [37mdata.py[0m[90m:[0m[90m58[0m
[32m2024[90m-[0m03[90m-[0m04 20[90m:[0m45[90m:[0m54[0m [90m-[0m [37mjetline.logging[0m [90m-[0m [1;30mINFO[0m [90m-[0m [34mPipeline 'example_pipeline' executed successfully.[0m [90m-[0m [37mpipeline.py[0m[90m:[0m[90m123[0m
[32m2024[90m-[0m03[90m-[0m04 20[90m:[0m45[90m:[0m54[0m [90m-[0m [37mjetline.logging[0m [90m-[0m [1;30mINFO[0m [90m-[0m [34mAll Pipelines ran successfully.[0m [90m-[0m [37mpipeline.py[0m[90m:[0m[90m125[0m
[32m2024-03-04 20:46:13[0m - [37mjetline.logging[0m - [1;30mINFO[0m - [34mFound: YourDataClass, Description: None[0m - [37mdata.py[0m:[90m58[0m
[32m2024-03-04 20:46:17[0m - [37mjetline.logging[0m - [1;30mINFO[0m - [34mPipeline 'example_pipeline' executed successfully.[0m - [37mpipeline.py[0m:[90m123[0m
[32m2024-03-04 20:46:17[0m - [37mjetline.logging[0m - [1;30mINFO[0m - [34mAll Pipelines ran successfully.[0m - [37mpipeline.py[0m:[90m125[0m
[32m2024-03-04 20:46:25[0m - [37mjetline.logging[0m - [1;30mDEBUG[0m - [32mFound: YourDataClass, Description: None[0m - [37mdata.py[0m:[90m58[0m
[32m2024-03-04 20:46:27[0m - [37mjetline.logging[0m - [1;30mINFO[0m - [34mPipeline 'example_pipeline' executed successfully.[0m - [37mpipeline.py[0m:[90m123[0m
[32m2024-03-04 20:46:27[0m - [37mjetline.logging[0m - [1;30mINFO[0m - [34mAll Pipelines ran successfully.[0m - [37mpipeline.py[0m:[90m125[0m
[32m2024[90m-[0m03[90m-[0m04 20[90m:[0m46[90m:[0m59[0m [90m-[0m [37mjetline.logging[0m [90m-[0m [1;30mDEBUG[0m [90m-[0m [32mFound[90m:[0m YourDataClass, Description[90m:[0m None[0m [90m-[0m [37mdata.py[0m[90m:[90m[0m58[0m
[32m2024[90m-[0m03[90m-[0m04 20[90m:[0m47[90m:[0m01[0m [90m-[0m [37mjetline.logging[0m [90m-[0m [1;30mINFO[0m [90m-[0m [34mPipeline 'example_pipeline' executed successfully.[0m [90m-[0m [37mpipeline.py[0m[90m:[90m[0m123[0m
[32m2024[90m-[0m03[90m-[0m04 20[90m:[0m47[90m:[0m01[0m [90m-[0m [37mjetline.logging[0m [90m-[0m [1;30mINFO[0m [90m-[0m [34mAll Pipelines ran successfully.[0m [90m-[0m [37mpipeline.py[0m[90m:[90m[0m125[0m
[32m2024-03-04 20:47:27[0m[90m - [0m[37mjetline.logging[0m[90m - [0m[1;30mDEBUG[0m[90m - [0m[32mFound: YourDataClass, Description: None[0m[90m - [0m[37mdata.py[0m:[90m58[0m
[32m2024-03-04 20:47:29[0m[90m - [0m[37mjetline.logging[0m[90m - [0m[1;30mINFO[0m[90m - [0m[34mPipeline 'example_pipeline' executed successfully.[0m[90m - [0m[37mpipeline.py[0m:[90m123[0m
[32m2024-03-04 20:47:29[0m[90m - [0m[37mjetline.logging[0m[90m - [0m[1;30mINFO[0m[90m - [0m[34mAll Pipelines ran successfully.[0m[90m - [0m[37mpipeline.py[0m:[90m125[0m
[32m2024-03-04 20:48:21[0m[90m - [0m[37mjetline.logging[0m[90m - [0m[1;30mDEBUG[0m[90m - [0m[32mFound: YourDataClass, Description: None[0m[90m - [0m[37mdata.py[0m:58
[32m2024-03-04 20:48:26[0m[90m - [0m[37mjetline.logging[0m[90m - [0m[1;30mINFO[0m[90m - [0m[34mPipeline 'example_pipeline' executed successfully.[0m[90m - [0m[37mpipeline.py[0m:123
[32m2024-03-04 20:48:26[0m[90m - [0m[37mjetline.logging[0m[90m - [0m[1;30mINFO[0m[90m - [0m[34mAll Pipelines ran successfully.[0m[90m - [0m[37mpipeline.py[0m:125
[32m2024-03-04 20:50:24[0m[90m - [0m[37mjetline.logging[0m[90m - [0m[1;30mDEBUG[0m[90m - [0m[32mFound: YourDataClass, Description: None[0m[90m - [0m[37mdata.py[0m:[37m58[0m
[32m2024-03-04 20:50:26[0m[90m - [0m[37mjetline.logging[0m[90m - [0m[1;30mINFO[0m[90m - [0m[34mPipeline 'example_pipeline' executed successfully.[0m[90m - [0m[37mpipeline.py[0m:[37m123[0m
[32m2024-03-04 20:50:26[0m[90m - [0m[37mjetline.logging[0m[90m - [0m[1;30mINFO[0m[90m - [0m[34mAll Pipelines ran successfully.[0m[90m - [0m[37mpipeline.py[0m:[37m125[0m
[32m2024-03-04 20:53:01[0m[90m - [0m[37mjetline.logging[0m[90m - [0m[1;30m[32mDEBUG[0m[0m[90m - [0m[32mFound: YourDataClass, Description: None[0m[90m - [0m[37mdata.py[0m:[37m58[0m
[32m2024-03-04 20:53:03[0m[90m - [0m[37mjetline.logging[0m[90m - [0m[1;30m[34mINFO[0m[0m[90m - [0m[34mPipeline 'example_pipeline' executed successfully.[0m[90m - [0m[37mpipeline.py[0m:[37m123[0m
[32m2024-03-04 20:53:03[0m[90m - [0m[37mjetline.logging[0m[90m - [0m[1;30m[34mINFO[0m[0m[90m - [0m[34mAll Pipelines ran successfully.[0m[90m - [0m[37mpipeline.py[0m:[37m125[0m
[32m2024-03-04 20:54:26[0m[90m - [0m[37mjetline.logging[0m[90m - [0m[1;30m[32mDEBUG[0m[0m[90m - [0m[32mFound: YourDataClass, Description: None[0m[90m - [0m[37mdata.py[0m:[37m58[0m
[32m2024-03-04 20:54:30[0m[90m - [0m[37mjetline.logging[0m[90m - [0m[1;30m[34mINFO[0m[0m[90m - [0m[34mPipeline 'example_pipeline' executed successfully.[0m[90m - [0m[37mpipeline.py[0m:[37m123[0m
[32m2024-03-04 20:54:30[0m[90m - [0m[37mjetline.logging[0m[90m - [0m[1;30m[34mINFO[0m[0m[90m - [0m[34mAll Pipelines ran successfully.[0m[90m - [0m[37mpipeline.py[0m:[37m125[0m
[32m2024-03-04 20:55:05[0m[90m - [0m[37mjetline.logging[0m[90m - [0m[1;30m[32mDEBUG[0m[0m[90m - [0m[32mFound: YourDataClass, Description: None[0m[90m - [0m[37mdata.py[0m:[37m58[0m
[32m2024-03-04 20:55:07[0m[90m - [0m[37mjetline.logging[0m[90m - [0m[1;30m[34mINFO[0m[0m[90m - [0m[34mPipeline 'example_pipeline' executed successfully.[0m[90m - [0m[37mpipeline.py[0m:[37m123[0m
[32m2024-03-04 20:55:07[0m[90m - [0m[37mjetline.logging[0m[90m - [0m[1;30m[34mINFO[0m[0m[90m - [0m[34mAll Pipelines ran successfully.[0m[90m - [0m[37mpipeline.py[0m:[37m125[0m
[32m2024-03-04 20:59:40[0m[90m - [0m[37mjetline.logging[0m[90m - [0m[1;30m[34mINFO[0m[0m[90m - [0m[34mFound: YourDataClass, Description: None[0m[90m - [0m[37mdata.py[0m:[37m58[0m
[32m2024-03-04 20:59:42[0m[90m - [0m[37mjetline.logging[0m[90m - [0m[1;30m[34mINFO[0m[0m[90m - [0m[34mPipeline 'example_pipeline' executed successfully.[0m[90m - [0m[37mpipeline.py[0m:[37m123[0m
[32m2024-03-04 20:59:42[0m[90m - [0m[37mjetline.logging[0m[90m - [0m[1;30m[34mINFO[0m[0m[90m - [0m[34mAll Pipelines ran successfully.[0m[90m - [0m[37mpipeline.py[0m:[37m125[0m
[32m2024-03-04 21:02:48[0m[90m - [0m[37mjetline.logging[0m[90m - [0m[1;30m[34mINFO[0m[0m[90m - [0m[34mFound: YourDataClass, Description: None[0m[90m - [0m[37mdata.py[0m:[37m58[0m
[32m2024-03-04 21:02:50[0m[90m - [0m[37mjetline.logging[0m[90m - [0m[1;30m[34mINFO[0m[0m[90m - [0m[34mPipeline 'example_pipeline' executed successfully.[0m[90m - [0m[37mpipeline.py[0m:[37m123[0m
[32m2024-03-04 21:02:50[0m[90m - [0m[37mjetline.logging[0m[90m - [0m[1;30m[34mINFO[0m[0m[90m - [0m[34mAll Pipelines ran successfully.[0m[90m - [0m[37mpipeline.py[0m:[37m125[0m
[32m2024-03-04 21:03:05[0m[90m - [0m[37mjetline.logging[0m[90m - [0m[1;30m[34mINFO[0m[0m[90m - [0m[34mFound: YourDataClass, Description: None[0m[90m - [0m[37mdata.py[0m~[37m58[0m
[32m2024-03-04 21:03:07[0m[90m - [0m[37mjetline.logging[0m[90m - [0m[1;30m[34mINFO[0m[0m[90m - [0m[34mPipeline 'example_pipeline' executed successfully.[0m[90m - [0m[37mpipeline.py[0m~[37m123[0m
[32m2024-03-04 21:03:07[0m[90m - [0m[37mjetline.logging[0m[90m - [0m[1;30m[34mINFO[0m[0m[90m - [0m[34mAll Pipelines ran successfully.[0m[90m - [0m[37mpipeline.py[0m~[37m125[0m
[32m2024-03-04 21:03:42[0m[90m - [0m[37mjetline.logging[0m[90m - [0m[1;30m[34mINFO[0m[0m[90m - [0m[34mFound: YourDataClass, Description: None[0m[90m - [0m[37mdata.py[0m[90m~[0m[37m58[0m
[32m2024-03-04 21:03:45[0m[90m - [0m[37mjetline.logging[0m[90m - [0m[1;30m[34mINFO[0m[0m[90m - [0m[34mPipeline 'example_pipeline' executed successfully.[0m[90m - [0m[37mpipeline.py[0m[90m~[0m[37m123[0m
[32m2024-03-04 21:03:45[0m[90m - [0m[37mjetline.logging[0m[90m - [0m[1;30m[34mINFO[0m[0m[90m - [0m[34mAll Pipelines ran successfully.[0m[90m - [0m[37mpipeline.py[0m[90m~[0m[37m125[0m
[32m2024-03-04 21:04:34[0m[90m - [0m[37mjetline.logging[0m[90m - [0m[1;30m[34mINFO[0m[0m[90m - [0m[34mFound: YourDataClass, Description: None[0m[90m - [0m[37mdata.py[0m:[37m58[0m
[32m2024-03-04 21:04:37[0m[90m - [0m[37mjetline.logging[0m[90m - [0m[1;30m[34mINFO[0m[0m[90m - [0m[34mPipeline 'example_pipeline' executed successfully.[0m[90m - [0m[37mpipeline.py[0m:[37m123[0m
[32m2024-03-04 21:04:37[0m[90m - [0m[37mjetline.logging[0m[90m - [0m[1;30m[34mINFO[0m[0m[90m - [0m[34mAll Pipelines ran successfully.[0m[90m - [0m[37mpipeline.py[0m:[37m125[0m
[32m2024-03-04 21:10:02[0m[90m - [0m[37mjetline.logging[0m[90m - [0m[1;30m[34mINFO[0m[0m[90m - [0m[34mFound: YourDataClass, Description: None[0m[90m - [0m[37mdata.py[0m:[37m58[0m
[32m2024-03-04 21:10:04[0m[90m - [0m[37mjetline.logging[0m[90m - [0m[1;30m[34mINFO[0m[0m[90m - [0m[34mPipeline 'example_pipeline' executed successfully.[0m[90m - [0m[37mpipeline.py[0m:[37m123[0m
[32m2024-03-04 21:10:04[0m[90m - [0m[37mjetline.logging[0m[90m - [0m[1;30m[34mINFO[0m[0m[90m - [0m[34mAll Pipelines ran successfully.[0m[90m - [0m[37mpipeline.py[0m:[37m125[0m
[32m2024-03-04 21:10:17[0m[90m - [0m[37mjetline.logging[0m[90m - [0m[1;30m[34mINFO[0m[0m[90m - [0m[34mFound: YourDataClass, Description: None[0m[90m - [0m[37mdata.py[0m:[37m58[0m
[32m2024-03-04 21:10:20[0m[90m - [0m[37mjetline.logging[0m[90m - [0m[1;30m[34mINFO[0m[0m[90m - [0m[34mPipeline 'example_pipeline' executed successfully.[0m[90m - [0m[37mpipeline.py[0m:[37m123[0m
[32m2024-03-04 21:10:20[0m[90m - [0m[37mjetline.logging[0m[90m - [0m[1;30m[34mINFO[0m[0m[90m - [0m[34mAll Pipelines ran successfully.[0m[90m - [0m[37mpipeline.py[0m:[37m125[0m
